0 info it worked if it ends with ok
1 verbose cli [ '/opt/nodes/0.10.36/bin/node',
1 verbose cli   '/opt/boxen/nodenv/versions/0.10/bin/npm',
1 verbose cli   'start' ]
2 info using npm@1.4.28
3 info using node@v0.10.36
4 verbose run-script [ 'prestart', 'start', 'poststart' ]
5 info prestart react-template@1.0.0
6 info start react-template@1.0.0
7 verbose unsafe-perm in lifecycle true
8 info react-template@1.0.0 Failed to exec start script
9 error react-template@1.0.0 start: `watchify src/main.jsx -v -t [ babelify --presets [ react ] -o public/js/main.js]`
9 error Exit status 1
10 error Failed at the react-template@1.0.0 start script.
10 error This is most likely a problem with the react-template package,
10 error not with npm itself.
10 error Tell the author that this fails on your system:
10 error     watchify src/main.jsx -v -t [ babelify --presets [ react ] -o public/js/main.js]
10 error You can get their info via:
10 error     npm owner ls react-template
10 error There is likely additional logging output above.
11 error System Darwin 14.5.0
12 error command "/opt/nodes/0.10.36/bin/node" "/opt/boxen/nodenv/versions/0.10/bin/npm" "start"
13 error cwd /Users/mojtaba/react-course/react-template
14 error node -v v0.10.36
15 error npm -v 1.4.28
16 error code ELIFECYCLE
17 verbose exit [ 1, true ]
